"../../../../../../Users/drago/Documents/unreal files/platformer/Content/ThirdPersonBP/ThirdPersonOverview.uasset" 0
"../../../../../../Users/drago/Documents/unreal files/platformer/Content/Tobys_Adventure/Assets/sounds/sprint.uasset" 1
"../../../../../../Users/drago/Documents/unreal files/platformer/Content/Tobys_Adventure/Assets/sounds/sprint_Cue.uasset" 2
"../../../../../../Users/drago/Documents/unreal files/platformer/Content/Tobys_Adventure/Assets/Character/toby_PhysicsAsset.uasset" 3
"../../../../../../Users/drago/Documents/unreal files/platformer/Content/Tobys_Adventure/Assets/Character/materials/general_001.uasset" 4
"../../../../../../Users/drago/Documents/unreal files/platformer/Content/Tobys_Adventure/Assets/Character/materials/details_001.uasset" 5
"../../../../../../Users/drago/Documents/unreal files/platformer/Content/Tobys_Adventure/Assets/Character/toby_Skeleton.uasset" 6
"../../../../../../Users/drago/Documents/unreal files/platformer/Content/Tobys_Adventure/Assets/Character/toby.uasset" 7
"../../../../../../Users/drago/Documents/unreal files/platformer/Content/Tobys_Adventure/Assets/Character/Stamina_widget.uasset" 8
"../../../../../../Users/drago/Documents/unreal files/platformer/Content/Tobys_Adventure/Lvl_1/BPY_Checkpoint.uasset" 9
"../../../Engine/Content/Animation/DefaultAnimCurveCompressionSettings.uasset" 10
"../../../Engine/Content/Animation/DefaultAnimBoneCompressionSettings.uasset" 11
"../../../../../../Users/drago/Documents/unreal files/platformer/Content/Tobys_Adventure/Assets/Character/animations/toby_Anim_walk.uasset" 12
"../../../../../../Users/drago/Documents/unreal files/platformer/Content/Tobys_Adventure/Assets/Character/animations/toby_Anim_Run.uasset" 13
"../../../../../../Users/drago/Documents/unreal files/platformer/Content/Tobys_Adventure/Assets/sounds/mixkit-player-jumping-in-a-video-game-2043.uasset" 14
"../../../../../../Users/drago/Documents/unreal files/platformer/Content/Tobys_Adventure/Assets/sounds/jump-cue.uasset" 15
"../../../../../../Users/drago/Documents/unreal files/platformer/Content/Tobys_Adventure/Assets/Character/animations/toby_Anim_Jump_start.uasset" 16
"../../../../../../Users/drago/Documents/unreal files/platformer/Content/Tobys_Adventure/Assets/sounds/land.uasset" 17
"../../../../../../Users/drago/Documents/unreal files/platformer/Content/Tobys_Adventure/Assets/sounds/land_Cue.uasset" 18
"../../../../../../Users/drago/Documents/unreal files/platformer/Content/Tobys_Adventure/Assets/Character/animations/toby_Anim_jump_land.uasset" 19
"../../../../../../Users/drago/Documents/unreal files/platformer/Content/Tobys_Adventure/Assets/Character/animations/toby_Anim_idle.uasset" 20
"../../../../../../Users/drago/Documents/unreal files/platformer/Content/Tobys_Adventure/Assets/Character/animations/Run_Jump_start.uasset" 21
"../../../../../../Users/drago/Documents/unreal files/platformer/Content/Tobys_Adventure/Assets/Character/animations/Run_Jump_Loop_.uasset" 22
"../../../../../../Users/drago/Documents/unreal files/platformer/Content/Tobys_Adventure/Assets/Character/animations/Run_Jump_land.uasset" 23
"../../../Engine/Content/EditorBlueprintResources/StandardMacros.uasset" 24
"../../../../../../Users/drago/Documents/unreal files/platformer/Content/Tobys_Adventure/Assets/Character/AB_Toby.uasset" 25
"../../../../../../Users/drago/Documents/unreal files/platformer/Content/Tobys_Adventure/Assets/Character/BP_Base.uasset" 26
"../../../../../../Users/drago/Documents/unreal files/platformer/Content/Tobys_Adventure/Lvl_1/ThirdPersonGameMode.uasset" 27
"../../../../../../Users/drago/Documents/unreal files/platformer/Content/ThirdPersonBP/Blueprints/ThirdPersonGameMode.uasset" 28
"../../../Engine/Content/EngineMaterials/T_Default_Material_Grid_N.uasset" 29
"../../../Engine/Content/EngineMaterials/T_Default_Material_Grid_M.uasset" 30
"../../../Engine/Content/Functions/Engine_MaterialFunctions01/Opacity/CameraDepthFade.uasset" 31
"../../../Engine/Content/EngineMaterials/WorldGridMaterial.uasset" 32
"../../../Engine/Content/ArtTools/RenderToTexture/Meshes/S_1_Unit_Plane.uasset" 33
"../../../Engine/Content/EngineMaterials/DefaultMaterial.uasset" 34
"../../../Engine/Content/BasicShapes/Cone.uasset" 35
"../../../Engine/Content/BasicShapes/Sphere.uasset" 36
"../../../Engine/Content/EditorLandscapeResources/DataLayer.uasset" 37
"../../../Engine/Content/EditorLandscapeResources/DefaultAlphaTexture.uasset" 38
"../../../Engine/Content/EditorMaterials/MAT_Groups_Toggle.uasset" 39
"../../../Engine/Content/EditorMaterials/MAT_Groups_Visibility.uasset" 40
"../../../Engine/Content/EditorMaterials/PreviewShadowIndicator.uasset" 41
"../../../Engine/Content/EditorMaterials/PreviewShadowIndicatorMaterial.uasset" 42
"../../../Engine/Content/EditorMaterials/MatineeGroups/MAT_ColorTrack.uasset" 43
"../../../Engine/Content/EditorMaterials/MatineeGroups/MAT_Groups_Anim.uasset" 44
"../../../Engine/Content/EditorMaterials/MatineeGroups/MAT_Groups_AudioMaster.uasset" 45
"../../../Engine/Content/EditorMaterials/MatineeGroups/MAT_Groups_Director.uasset" 46
"../../../Engine/Content/EditorMaterials/MatineeGroups/MAT_Groups_Event.uasset" 47
"../../../Engine/Content/EditorMaterials/MatineeGroups/MAT_Groups_Fade.uasset" 48
"../../../Engine/Content/EditorMaterials/MatineeGroups/MAT_Groups_Float.uasset" 49
"../../../Engine/Content/EditorMaterials/MatineeGroups/MAT_Groups_Move.uasset" 50
"../../../Engine/Content/EditorMaterials/MatineeGroups/MAT_Groups_Slomo.uasset" 51
"../../../Engine/Content/EditorMaterials/MatineeGroups/MAT_Groups_Sound.uasset" 52
"../../../Engine/Content/EditorMaterials/MatineeGroups/MAT_Groups_Vector.uasset" 53
"../../../Engine/Content/EditorMaterials/ParticleSystems/PSysThumbnail_NoImage.uasset" 54
"../../../Engine/Content/EditorMaterials/ParticleSystems/PSysThumbnail_OOD.uasset" 55
"../../../Engine/Content/EditorMaterials/Camera/CineMat.uasset" 56
"../../../Engine/Content/EditorMaterials/Camera/MI_CineMat_Rig.uasset" 57
"../../../Engine/Content/EditorMeshes/Camera/SM_CraneRig_Arm.uasset" 58
"../../../Engine/Content/EditorMeshes/Camera/SM_CraneRig_Base.uasset" 59
"../../../Engine/Content/EditorMeshes/Camera/SM_CraneRig_Body.uasset" 60
"../../../Engine/Content/EditorMeshes/Camera/SM_CraneRig_Mount.uasset" 61
"../../../Engine/Content/EditorMeshes/Camera/SM_RailRig_Mount.uasset" 62
"../../../Engine/Content/EditorMeshes/Camera/SM_RailRig_Track.uasset" 63
"../../../Engine/Content/EditorResources/BSPVertex.uasset" 64
"../../../Engine/Content/EditorResources/EmptyActor.uasset" 65
"../../../Engine/Content/EditorResources/S_Actor.uasset" 66
"../../../Engine/Content/EditorResources/S_Note.uasset" 67
"../../../Engine/Content/EditorResources/S_Solver.uasset" 68
"../../../Engine/Content/EditorResources/S_Terrain.uasset" 69
"../../../Engine/Content/EditorResources/S_Trigger.uasset" 70
"../../../Engine/Content/EditorResources/LightIcons/S_LightError.uasset" 71
"../../../Engine/Content/EditorResources/SequenceRecorder/Countdown.uasset" 72
"../../../Engine/Content/EditorResources/SequenceRecorder/RecordingIndicator.uasset" 73
"../../../Engine/Content/EngineDamageTypes/DmgTypeBP_Environmental.uasset" 74
"../../../Engine/Content/EngineDebugMaterials/DebugEditorMaterial.uasset" 75
"../../../Engine/Content/EngineDebugMaterials/DebugMeshMaterial.uasset" 76
"../../../Engine/Content/EngineDebugMaterials/M_SimpleUnlitTranslucent.uasset" 77
"../../../Engine/Content/EngineDebugMaterials/VolumeToRender.uasset" 78
"../../../Engine/Content/Functions/Engine_MaterialFunctions02/Utility/CameraDirectionVector.uasset" 79
"../../../Engine/Content/EngineDebugMaterials/M_VolumeRenderSphereTracePP.uasset" 80
"../../../Engine/Content/Functions/Engine_MaterialFunctions01/Shading/ConvertFromDiffSpec.uasset" 81
"../../../Engine/Content/EngineDebugMaterials/VertexColorMaterial.uasset" 82
"../../../Engine/Content/EngineDebugMaterials/WireframeMaterial.uasset" 83
"../../../Engine/Content/EngineFonts/Faces/RobotoRegular.uasset" 84
"../../../Engine/Content/EngineFonts/Faces/RobotoLight.uasset" 85
"../../../Engine/Content/EngineFonts/Faces/RobotoItalic.uasset" 86
"../../../Engine/Content/EngineFonts/Faces/RobotoBoldItalic.uasset" 87
"../../../Engine/Content/EngineFonts/Faces/RobotoBold.uasset" 88
"../../../Engine/Content/EngineFonts/Faces/DroidSansFallback.uasset" 89
"../../../Engine/Content/EngineFonts/Roboto.uasset" 90
"../../../Engine/Content/EngineMaterials/BaseFlattenNormalMap.uasset" 91
"../../../Engine/Content/EngineMaterials/BaseFlattenGrayscaleMap.uasset" 92
"../../../Engine/Content/EngineMaterials/BaseFlattenEmissiveMap.uasset" 93
"../../../Engine/Content/EngineMaterials/BaseFlattenDiffuseMap.uasset" 94
"../../../Engine/Content/EngineMaterials/BaseFlattenMaterial.uasset" 95
"../../../Engine/Content/EngineMaterials/BlueNoise.uasset" 96
"../../../Engine/Content/EngineMaterials/DefaultBloomKernel.uasset" 97
"../../../Engine/Content/EngineMaterials/DefaultBokeh.uasset" 98
"../../../Engine/Content/EngineMaterials/DefaultDiffuse.uasset" 99
"../../../Engine/Content/EngineMaterials/DefaultDeferredDecalMaterial.uasset" 100
"../../../Engine/Content/EngineMaterials/DefaultLightFunctionMaterial.uasset" 101
"../../../Engine/Content/EngineMaterials/DefaultPhysicalMaterial.uasset" 102
"../../../Engine/Content/Functions/Engine_MaterialFunctions02/Utility/BreakOutFloat2Components.uasset" 103
"../../../Engine/Content/EngineMaterials/DefaultPostProcessMaterial.uasset" 104
"../../../Engine/Content/EngineFonts/RobotoDistanceField.uasset" 105
"../../../Engine/Content/EngineMaterials/DefaultTextMaterialOpaque.uasset" 106
"../../../Engine/Content/EngineMaterials/DefaultWhiteGrid.uasset" 107
"../../../Engine/Content/EngineMaterials/DefaultWhiteGrid_Low.uasset" 108
"../../../Engine/Content/EngineMaterials/EmissiveMeshMaterial.uasset" 109
"../../../Engine/Content/EngineMaterials/GizmoMaterial.uasset" 110
"../../../Engine/Content/EngineMaterials/Good64x64TilingNoiseHighFreq.uasset" 111
"../../../Engine/Content/EngineMaterials/MiniFont.uasset" 112
"../../../Engine/Content/EngineMaterials/InvalidLightmapSettings.uasset" 113
"../../../Engine/Content/EngineMaterials/M_InvalidLightmapSettings.uasset" 114
"../../../Engine/Content/Functions/Engine_MaterialFunctions02/WorldPositionOffset/CameraOffset.uasset" 115
"../../../Engine/Content/EngineMaterials/PhAT_JointLimitMaterial.uasset" 116
"../../../Engine/Content/EngineMaterials/PreintegratedSkinBRDF.uasset" 117
"../../../Engine/Content/EngineMaterials/RemoveSurfaceMaterial.uasset" 118
"../../../Engine/Content/EngineMaterials/WeightMapPlaceholderTexture.uasset" 119
"../../../Engine/Content/EngineResources/WhiteSquareTexture.uasset" 120
"../../../Engine/Content/EngineMaterials/Widget3DPassThrough.uasset" 121
"../../../Engine/Content/EngineMaterials/Widget3DPassThrough_Masked.uasset" 122
"../../../Engine/Content/EngineMaterials/Widget3DPassThrough_Opaque.uasset" 123
"../../../Engine/Content/EngineMaterials/Widget3DPassThrough_Masked_OneSided.uasset" 124
"../../../Engine/Content/EngineMaterials/Widget3DPassThrough_Opaque_OneSided.uasset" 125
"../../../Engine/Content/EngineMaterials/Widget3DPassThrough_Translucent.uasset" 126
"../../../Engine/Content/EngineMaterials/Widget3DPassThrough_Translucent_OneSided.uasset" 127
"../../../Engine/Content/EngineMeshes/Cylinder.uasset" 128
"../../../Engine/Content/EngineMeshes/Sphere.uasset" 129
"../../../Engine/Content/EngineResources/Black.uasset" 130
"../../../Engine/Content/EngineResources/DefaultTextureCube.uasset" 131
"../../../Engine/Content/EngineResources/DefaultVolumeTexture2D.uasset" 132
"../../../Engine/Content/EngineResources/DefaultVolumeTexture.uasset" 133
"../../../Engine/Content/EngineResources/GradientTexture0.uasset" 134
"../../../Engine/Content/EngineSky/VolumetricClouds/T_NoiseShape64.uasset" 135
"../../../Engine/Content/EngineSky/VolumetricClouds/T_VolumeNoiseShape64.uasset" 136
"../../../Engine/Content/EngineSky/VolumetricClouds/T_NoiseErosion.uasset" 137
"../../../Engine/Content/EngineSky/VolumetricClouds/T_VolumeNoiseErosion32.uasset" 138
"../../../Engine/Content/EngineSky/VolumetricClouds/CloudWeatherTexture.uasset" 139
"../../../Engine/Content/EngineSky/VolumetricClouds/CloudGradientTexture.uasset" 140
"../../../Engine/Content/Functions/Engine_MaterialFunctions02/Utility/MakeFloat2.uasset" 141
"../../../Engine/Content/EngineSky/VolumetricClouds/m_SimpleVolumetricCloud.uasset" 142
"../../../Engine/Content/EngineSky/VolumetricClouds/m_SimpleVolumetricCloud_Inst.uasset" 143
"../../../Engine/Content/EngineSounds/Master.uasset" 144
"../../../Engine/Content/Functions/Engine_MaterialFunctions01/Shading/PowerToRoughness.uasset" 145
"../../../Engine/Content/Maps/Templates/Thumbnails/Default.uasset" 146
"../../../Engine/Content/Maps/Templates/Thumbnails/TimeOfDay.uasset" 147
"../../../Engine/Content/Maps/Templates/Thumbnails/VR-Basic.uasset" 148
"../../../Engine/Content/MobileResources/T_MobileControls_texture.uasset" 149
"../../../Engine/Content/MobileResources/T_MobileMenu2.uasset" 150
"../../../Engine/Content/MobileResources/HUD/AnalogHat.uasset" 151
"../../../Engine/Content/MobileResources/HUD/VirtualJoystick_Thumb.uasset" 152
"../../../Engine/Content/MobileResources/HUD/VirtualJoystick_Background.uasset" 153
"../../../Engine/Content/MobileResources/HUD/DefaultVirtualJoysticks.uasset" 154
"../../../Engine/Content/MobileResources/HUD/LeftVirtualJoystickOnly.uasset" 155
"../../../Engine/Content/MobileResources/HUD/MobileHUDButton1_off.uasset" 156
"../../../Engine/Content/MobileResources/HUD/MobileHUDButton1_on.uasset" 157
"../../../Engine/Content/MobileResources/HUD/MobileHUDButton2_off.uasset" 158
"../../../Engine/Content/MobileResources/HUD/MobileHUDButton2_on.uasset" 159
"../../../Engine/Content/MobileResources/HUD/MobileHUDButton3.uasset" 160
"../../../Engine/Content/MobileResources/HUD/MobileHUDButtonFire.uasset" 161
"../../../Engine/Content/MobileResources/HUD/MobileHUDDirectionPad.uasset" 162
"../../../Engine/Content/MobileResources/HUD/MobileHUDDirectionPad2.uasset" 163
"../../../Engine/Content/MobileResources/HUD/MobileHUDDirectionPad3.uasset" 164
"../../../Engine/Content/MobileResources/HUD/MobileHUDDirectionStick.uasset" 165
"../../../Engine/Content/MobileResources/HUD/T_Castle_ThumbstickInner.uasset" 166
"../../../Engine/Content/MobileResources/HUD/T_Castle_ThumbstickOutter.uasset" 167
"../../../Engine/Content/Tutorial/ContentIntroCurve.uasset" 168
"../../../Engine/Content/Tutorial/Basics/LevelEditorAttract.uasset" 169
"../../../Engine/Content/Tutorial/Basics/TutorialAssets/icon_tab_Levels_40x.uasset" 170
"../../../Engine/Content/Tutorial/Basics/LevelEditorOverview.uasset" 171
"../../../Engine/Content/Tutorial/SubEditors/MaterialEditorTutorial.uasset" 172
"../../../Engine/Content/Tutorial/SubEditors/TutorialAssets/TutorialMaterial.uasset" 173
"../../../Engine/Content/VREditor/TransformGizmo/TranslucentTransformGizmoMaterial.uasset" 174
"../../../Engine/Content/VREditor/LaserPointer/VR_LaserPower_01.uasset" 175
"../../../Engine/Content/VREditor/TransformGizmo/TransformGizmoMaterial.uasset" 176
"../../../Engine/Content/VREditor/TransformGizmo/BoundingBoxCorner.uasset" 177
"../../../Engine/Content/VREditor/TransformGizmo/BoundingBoxEdge.uasset" 178
"../../../Engine/Content/VREditor/TransformGizmo/PlaneTranslationHandle.uasset" 179
"../../../Engine/Content/VREditor/TransformGizmo/Xray.uasset" 180
"../../../Engine/Content/VREditor/TransformGizmo/Main.uasset" 181
"../../../Engine/Content/VREditor/TransformGizmo/SM_Sequencer_Key.uasset" 182
"../../../Engine/Content/VREditor/TransformGizmo/SM_Sequencer_Node.uasset" 183
"../../Plugins/2D/Paper2D/Content/PlaceholderTextures/DummySpriteTexture.uasset" 184
"../../Plugins/2D/Paper2D/Content/DummySprite.uasset" 185
"../../Plugins/2D/Paper2D/Content/DefaultPaperTerrainMaterial.uasset" 186
"../../Plugins/2D/Paper2D/Content/DefaultSpriteMaterial.uasset" 187
"../../Plugins/2D/Paper2D/Content/MaskedUnlitSpriteMaterial.uasset" 188
"../../Plugins/2D/Paper2D/Content/OpaqueUnlitSpriteMaterial.uasset" 189
"../../../Engine/Content/Functions/Engine_MaterialFunctions02/Utility/BreakOutFloat3Components.uasset" 190
"../../Plugins/Editor/SpeedTreeImporter/Content/SpeedTree9/UnpackInteger3.uasset" 191
"../../Plugins/Editor/SpeedTreeImporter/Content/SpeedTree9/UnpackDirection.uasset" 192
"../../Plugins/Editor/SpeedTreeImporter/Content/SpeedTree9/game_wind_noise.uasset" 193
"../../../Engine/Content/Functions/Engine_MaterialFunctions02/SafeNormalize.uasset" 194
"../../Plugins/Editor/SpeedTreeImporter/Content/SpeedTree9/SpeedTreeWindMotion.uasset" 195
"../../Plugins/Editor/SpeedTreeImporter/Content/SpeedTree9/SpeedTreeBranchMotion.uasset" 196
"../../../Engine/Content/Functions/Engine_MaterialFunctions02/ObjectLocalBounds.uasset" 197
"../../../Engine/Content/Functions/Engine_MaterialFunctions02/UVs/BoundingBoxBased_0-1_UVW.uasset" 198
"../../Plugins/Editor/SpeedTreeImporter/Content/SpeedTree9/SpeedTreeWind.uasset" 199
"../../Plugins/Editor/SpeedTreeImporter/Content/SpeedTree9/SpeedTreeBillboard.uasset" 200
"../../../Engine/Content/EngineResources/DefaultTexture.uasset" 201
"../../Plugins/Editor/SpeedTreeImporter/Content/SpeedTree9/SpeedTreeBillboardMaster.uasset" 202
"../../Plugins/Editor/SpeedTreeImporter/Content/SpeedTree9/SpeedTreeCameraFacing.uasset" 203
"../../Plugins/Editor/SpeedTreeImporter/Content/SpeedTree9/SpeedTreeMaster.uasset" 204
"../../../Engine/Content/ArtTools/RenderToTexture/Materials/Debug/M_Emissive_Color.uasset" 205
"../../../Engine/Content/BasicShapes/Cylinder.uasset" 206
"../../Plugins/Lumin/MagicLeapPassableWorld/Content/MagicLeapARPinInfoActor.uasset" 207
"../../../Engine/Content/Functions/Engine_MaterialFunctions02/Utility/BreakOutFloat4Components.uasset" 208
"../../../Engine/Content/Functions/Engine_MaterialFunctions02/Utility/MakeFloat3.uasset" 209
"../../Plugins/Runtime/Oculus/OculusVR/Content/Materials/OculusMR_ChromaKey.uasset" 210
"../../Plugins/Runtime/Oculus/OculusVR/Content/Materials/OculusMR_OpaqueColoredMaterial.uasset" 211
"../../Plugins/Runtime/Oculus/OculusVR/Content/Materials/PokeAHoleMaterial.uasset" 212
"../../../../../../Users/drago/Documents/unreal files/platformer/Content/Tobys_Adventure/Lvl_1/Lv1_BuiltData.uasset" 213
"../../../Engine/Content/BasicShapes/Plane.uasset" 214
"../../../Engine/Content/BasicShapes/Cube.uasset" 215
"../../../Engine/Content/BasicShapes/BasicShapeMaterial.uasset" 216
"../../../../../../Users/drago/Documents/unreal files/platformer/Content/Tobys_Adventure/Lvl_1/Finish.uasset" 217
"../../../../../../Users/drago/Documents/unreal files/platformer/Content/Tobys_Adventure/Assets/sounds/Level-1-background-music.uasset" 218
"../../../../../../Users/drago/Documents/unreal files/platformer/Content/Tobys_Adventure/Assets/sounds/Level-1-background-music_Cue.uasset" 219
"../../../../../../Users/drago/Documents/unreal files/platformer/Content/Tobys_Adventure/Lvl_1/Lv1.umap" 220
"../../../../../../Users/drago/Documents/unreal files/platformer/Content/Tobys_Adventure/Main_Menu/Main_Menu_Lv_BuiltData.uasset" 221
"../../../../../../Users/drago/Documents/unreal files/platformer/Content/Tobys_Adventure/Main_Menu/Menu.uasset" 222
"../../../../../../Users/drago/Documents/unreal files/platformer/Content/Tobys_Adventure/Main_Menu/Menu_Image.uasset" 223
"../../../../../../Users/drago/Documents/unreal files/platformer/Content/Tobys_Adventure/Main_Menu/eurkey_2.uasset" 224
"../../../../../../Users/drago/Documents/unreal files/platformer/Content/Tobys_Adventure/Main_Menu/Main_Menu.uasset" 225
"../../../../../../Users/drago/Documents/unreal files/platformer/Content/Tobys_Adventure/Main_Menu/Main_Menu_Lv.umap" 226
"../../../Engine/Content/Maps/Entry_BuiltData.uasset" 227
"../../../Engine/Content/Maps/Entry.umap" 228
